1616037898.599299 client started (92733): version 3.0a, socket /tmp/tmux-1012/default, protocol 8
1616037898.599328 on Linux 5.4.0-53-generic #59-Ubuntu SMP Wed Oct 21 09:38:44 UTC 2020; libevent 2.1.11-stable (poll)
1616037898.599344 socket is /tmp/tmux-1012/default
1616037898.599356 trying connect
1616037898.599417 add peer 0x55db0400f7b0: 6 ((nil))
1616037898.599488 sending message 100 to peer 0x55db0400f7b0 (4 bytes)
1616037898.599496 sending message 101 to peer 0x55db0400f7b0 (15 bytes)
1616037898.599502 sending message 102 to peer 0x55db0400f7b0 (11 bytes)
1616037898.599507 sending message 108 to peer 0x55db0400f7b0 (58 bytes)
1616037898.599513 sending message 104 to peer 0x55db0400f7b0 (0 bytes)
1616037898.599519 sending message 107 to peer 0x55db0400f7b0 (4 bytes)
1616037898.599524 sending message 105 to peer 0x55db0400f7b0 (12 bytes)
1616037898.599529 sending message 105 to peer 0x55db0400f7b0 (35 bytes)
1616037898.599534 sending message 105 to peer 0x55db0400f7b0 (21 bytes)
1616037898.599539 sending message 105 to peer 0x55db0400f7b0 (8 bytes)
1616037898.599544 sending message 105 to peer 0x55db0400f7b0 (15 bytes)
1616037898.599550 sending message 105 to peer 0x55db0400f7b0 (18 bytes)
1616037898.599556 sending message 105 to peer 0x55db0400f7b0 (55 bytes)
1616037898.599561 sending message 105 to peer 0x55db0400f7b0 (54 bytes)
1616037898.599565 sending message 105 to peer 0x55db0400f7b0 (15 bytes)
1616037898.599570 sending message 105 to peer 0x55db0400f7b0 (16 bytes)
1616037898.599575 sending message 105 to peer 0x55db0400f7b0 (23 bytes)
1616037898.599580 sending message 105 to peer 0x55db0400f7b0 (20 bytes)
1616037898.599585 sending message 105 to peer 0x55db0400f7b0 (461 bytes)
1616037898.599592 sending message 105 to peer 0x55db0400f7b0 (31 bytes)
1616037898.599598 sending message 105 to peer 0x55db0400f7b0 (17 bytes)
1616037898.599602 sending message 105 to peer 0x55db0400f7b0 (19 bytes)
1616037898.599607 sending message 105 to peer 0x55db0400f7b0 (62 bytes)
1616037898.599612 sending message 105 to peer 0x55db0400f7b0 (55 bytes)
1616037898.599617 sending message 105 to peer 0x55db0400f7b0 (104 bytes)
1616037898.599623 sending message 105 to peer 0x55db0400f7b0 (20 bytes)
1616037898.599628 sending message 105 to peer 0x55db0400f7b0 (28 bytes)
1616037898.599633 sending message 105 to peer 0x55db0400f7b0 (20 bytes)
1616037898.599638 sending message 105 to peer 0x55db0400f7b0 (64 bytes)
1616037898.599643 sending message 105 to peer 0x55db0400f7b0 (116 bytes)
1616037898.599648 sending message 105 to peer 0x55db0400f7b0 (102 bytes)
1616037898.599653 sending message 105 to peer 0x55db0400f7b0 (133 bytes)
1616037898.599658 sending message 105 to peer 0x55db0400f7b0 (88 bytes)
1616037898.599664 sending message 105 to peer 0x55db0400f7b0 (20 bytes)
1616037898.599671 sending message 105 to peer 0x55db0400f7b0 (28 bytes)
1616037898.599676 sending message 105 to peer 0x55db0400f7b0 (11 bytes)
1616037898.599681 sending message 105 to peer 0x55db0400f7b0 (8 bytes)
1616037898.599686 sending message 105 to peer 0x55db0400f7b0 (32 bytes)
1616037898.599692 sending message 105 to peer 0x55db0400f7b0 (1506 bytes)
1616037898.599706 sending message 105 to peer 0x55db0400f7b0 (68 bytes)
1616037898.599712 sending message 105 to peer 0x55db0400f7b0 (28 bytes)
1616037898.599718 sending message 105 to peer 0x55db0400f7b0 (31 bytes)
1616037898.599723 sending message 105 to peer 0x55db0400f7b0 (60 bytes)
1616037898.599728 sending message 105 to peer 0x55db0400f7b0 (52 bytes)
1616037898.599733 sending message 105 to peer 0x55db0400f7b0 (54 bytes)
1616037898.599738 sending message 105 to peer 0x55db0400f7b0 (26 bytes)
1616037898.599743 sending message 105 to peer 0x55db0400f7b0 (45 bytes)
1616037898.599749 sending message 106 to peer 0x55db0400f7b0 (0 bytes)
1616037898.599759 sending message 200 to peer 0x55db0400f7b0 (4 bytes)
1616037898.599764 client loop enter
1616037898.600761 peer 0x55db0400f7b0 message 207
1616037898.600777 sending message 208 to peer 0x55db0400f7b0 (0 bytes)
1616037903.653741 peer 0x55db0400f7b0 message 203
1616037903.653776 sending message 205 to peer 0x55db0400f7b0 (0 bytes)
1616037903.653975 peer 0x55db0400f7b0 message 204
1616037903.653982 client loop exit
